27.3.2022, 15:43:07 - INFO - Server is running on port: 3030
27.3.2022, 16:09:09 - ERROR - cannot update toy 62405e29a490cc5ce651e66d | {"index":0,"code":66}
27.3.2022, 16:09:09 - ERROR - Failed to update toy | {"index":0,"code":66}
27.3.2022, 16:09:58 - INFO - Server is running on port: 3030
27.3.2022, 16:10:04 - ERROR - cannot update toy 62405e29a490cc5ce651e66d | {"index":0,"code":66}
27.3.2022, 16:10:04 - ERROR - Failed to update toy | {"index":0,"code":66}
27.3.2022, 16:14:37 - INFO - Server is running on port: 3030
27.3.2022, 16:20:48 - INFO - Server is running on port: 3030
27.3.2022, 16:22:44 - INFO - Server is running on port: 3030
27.3.2022, 16:23:38 - INFO - Server is running on port: 3030
27.3.2022, 16:24:32 - INFO - Server is running on port: 3030
27.3.2022, 16:26:00 - INFO - Server is running on port: 3030
27.3.2022, 16:27:53 - INFO - Server is running on port: 3030
27.3.2022, 16:39:14 - INFO - Server is running on port: 3030
27.3.2022, 16:39:44 - INFO - Server is running on port: 3030
27.3.2022, 16:39:50 - ERROR - cannot update toy 62405e29a490cc5ce651e66d | {"index":0,"code":66}
27.3.2022, 16:39:50 - ERROR - Failed to update toy | {"index":0,"code":66}
27.3.2022, 16:40:26 - INFO - Server is running on port: 3030
27.3.2022, 16:45:43 - INFO - Server is running on port: 3030
27.3.2022, 16:45:50 - ERROR - cannot update toy 62405e29a490cc5ce651e66d | {"index":0,"code":66}
27.3.2022, 16:45:50 - ERROR - Failed to update toy | {"index":0,"code":66}
27.3.2022, 16:47:29 - INFO - Server is running on port: 3030
27.3.2022, 16:49:34 - INFO - Server is running on port: 3030
27.3.2022, 16:51:49 - INFO - Server is running on port: 3030
27.3.2022, 22:48:37 - INFO - Server is running on port: 3030
27.3.2022, 22:48:53 - ERROR - cannot update toy 62405e29a490cc5ce651e66d | {"index":0,"code":66}
27.3.2022, 22:48:53 - ERROR - Failed to update toy | {"index":0,"code":66}
27.3.2022, 22:50:22 - INFO - Server is running on port: 3030
28.3.2022, 16:16:34 - INFO - Server is running on port: 3030
28.3.2022, 16:16:40 - ERROR - cannot update toy 6240c00795a048da8f307a7d | {"index":0,"code":66}
28.3.2022, 16:16:40 - ERROR - Failed to update toy | {"index":0,"code":66}
28.3.2022, 16:17:32 - INFO - Server is running on port: 3030
28.3.2022, 16:17:37 - ERROR - cannot update toy 6240c00795a048da8f307a7d | {"index":0,"code":66}
28.3.2022, 16:17:37 - ERROR - Failed to update toy | {"index":0,"code":66}
28.3.2022, 16:18:17 - INFO - Server is running on port: 3030
28.3.2022, 16:19:35 - INFO - Server is running on port: 3030
28.3.2022, 16:20:31 - INFO - Server is running on port: 3030
28.3.2022, 16:22:24 - INFO - Server is running on port: 3030
28.3.2022, 16:25:18 - INFO - Server is running on port: 3030
28.3.2022, 16:26:16 - INFO - Server is running on port: 3030
28.3.2022, 16:26:23 - ERROR - cannot update toy 6241b6ff567ae35ea2802d21 | {}
28.3.2022, 16:26:23 - ERROR - Failed to update toy | {}
28.3.2022, 16:26:32 - INFO - Server is running on port: 3030
28.3.2022, 16:26:37 - ERROR - cannot update toy 6241b6ff567ae35ea2802d21 | {}
28.3.2022, 16:26:37 - ERROR - Failed to update toy | {}
28.3.2022, 16:28:28 - INFO - Server is running on port: 3030
28.3.2022, 16:56:51 - INFO - Server is running on port: 3030
28.3.2022, 16:58:09 - INFO - Server is running on port: 3030
28.3.2022, 17:00:05 - INFO - Server is running on port: 3030
28.3.2022, 17:00:56 - INFO - Server is running on port: 3030
28.3.2022, 17:02:30 - ERROR - Failed to remove toy | {}
